nohup: ignoring input
StyleGAN2 load fail: No module named 'StyleGAN2'
algo:
  ours:
    batch_size: 8
    deformator_lr: 0.0001
    deformator_type: linear
    initialisation: latent_discovery
    latent_dim: 512
    logging_freq: 500
    model_name: pggan_celebahq1024
    num_directions: 200
    num_steps: 40001
    rank_predictor_lr: 0.0001
    saving_freq: 2000
    shift_min: 10
gan_type: ProgGAN
random_seed: 123
2021-08-20 17:01:24,941 - root - INFO - PerfLog |Fetching data, models and class instantiations|TT:9.49521255493164s
2021-08-20 17:01:27,066 - root - INFO - step : 0 / 40001 Rank predictor loss : 0.6927 Deformator_ranking loss  0.6988 
2021-08-20 17:11:48,625 - root - INFO - step : 500 / 40001 Rank predictor loss : 0.6931 Deformator_ranking loss  0.6937 
2021-08-20 17:22:12,488 - root - INFO - step : 1000 / 40001 Rank predictor loss : 0.6891 Deformator_ranking loss  0.6897 
2021-08-20 17:32:35,901 - root - INFO - step : 1500 / 40001 Rank predictor loss : 0.6876 Deformator_ranking loss  0.6878 
2021-08-20 17:42:58,877 - root - INFO - step : 2000 / 40001 Rank predictor loss : 0.6859 Deformator_ranking loss  0.6867 
2021-08-20 17:42:59,094 - root - INFO - PerfLog |Saving Model|TT:0.2165665626525879s
2021-08-20 17:53:22,229 - root - INFO - step : 2500 / 40001 Rank predictor loss : 0.6843 Deformator_ranking loss  0.6853 
2021-08-20 18:03:45,419 - root - INFO - step : 3000 / 40001 Rank predictor loss : 0.6832 Deformator_ranking loss  0.6840 
2021-08-20 18:14:08,657 - root - INFO - step : 3500 / 40001 Rank predictor loss : 0.6820 Deformator_ranking loss  0.6832 
2021-08-20 18:24:31,974 - root - INFO - step : 4000 / 40001 Rank predictor loss : 0.6811 Deformator_ranking loss  0.6823 
2021-08-20 18:24:32,183 - root - INFO - PerfLog |Saving Model|TT:0.20809721946716309s
2021-08-20 18:34:55,771 - root - INFO - step : 4500 / 40001 Rank predictor loss : 0.6798 Deformator_ranking loss  0.6811 
2021-08-20 18:45:19,041 - root - INFO - step : 5000 / 40001 Rank predictor loss : 0.6787 Deformator_ranking loss  0.6805 
2021-08-20 18:55:42,442 - root - INFO - step : 5500 / 40001 Rank predictor loss : 0.6784 Deformator_ranking loss  0.6793 
2021-08-20 19:06:06,335 - root - INFO - step : 6000 / 40001 Rank predictor loss : 0.6776 Deformator_ranking loss  0.6787 
2021-08-20 19:06:06,549 - root - INFO - PerfLog |Saving Model|TT:0.2142012119293213s
2021-08-20 19:16:29,950 - root - INFO - step : 6500 / 40001 Rank predictor loss : 0.6771 Deformator_ranking loss  0.6780 
2021-08-20 19:26:53,754 - root - INFO - step : 7000 / 40001 Rank predictor loss : 0.6767 Deformator_ranking loss  0.6773 
2021-08-20 19:37:17,195 - root - INFO - step : 7500 / 40001 Rank predictor loss : 0.6754 Deformator_ranking loss  0.6765 
2021-08-20 19:47:41,269 - root - INFO - step : 8000 / 40001 Rank predictor loss : 0.6747 Deformator_ranking loss  0.6760 
2021-08-20 19:47:41,476 - root - INFO - PerfLog |Saving Model|TT:0.20727086067199707s
2021-08-20 19:58:05,109 - root - INFO - step : 8500 / 40001 Rank predictor loss : 0.6741 Deformator_ranking loss  0.6756 
2021-08-20 20:08:28,805 - root - INFO - step : 9000 / 40001 Rank predictor loss : 0.6733 Deformator_ranking loss  0.6752 
2021-08-20 20:18:52,186 - root - INFO - step : 9500 / 40001 Rank predictor loss : 0.6729 Deformator_ranking loss  0.6740 
2021-08-20 20:29:15,546 - root - INFO - step : 10000 / 40001 Rank predictor loss : 0.6730 Deformator_ranking loss  0.6737 
2021-08-20 20:29:15,760 - root - INFO - PerfLog |Saving Model|TT:0.2131359577178955s
2021-08-20 20:39:39,220 - root - INFO - step : 10500 / 40001 Rank predictor loss : 0.6721 Deformator_ranking loss  0.6728 
2021-08-20 20:50:02,941 - root - INFO - step : 11000 / 40001 Rank predictor loss : 0.6713 Deformator_ranking loss  0.6729 
2021-08-20 21:00:26,139 - root - INFO - step : 11500 / 40001 Rank predictor loss : 0.6705 Deformator_ranking loss  0.6709 
2021-08-20 21:10:49,500 - root - INFO - step : 12000 / 40001 Rank predictor loss : 0.6699 Deformator_ranking loss  0.6710 
2021-08-20 21:10:49,715 - root - INFO - PerfLog |Saving Model|TT:0.21473169326782227s
2021-08-20 21:21:13,024 - root - INFO - step : 12500 / 40001 Rank predictor loss : 0.6699 Deformator_ranking loss  0.6702 
nohup: ignoring input
StyleGAN2 load fail: No module named 'StyleGAN2'
algo:
  ours:
    batch_size: 8
    deformator_lr: 0.0001
    deformator_type: linear
    initialisation: latent_discovery
    latent_dim: 512
    logging_freq: 500
    model_name: pggan_celebahq1024
    num_directions: 200
    num_steps: 40001
    rank_predictor_lr: 0.0001
    saving_freq: 2000
    shift_min: 10
gan_type: ProgGAN
random_seed: 123
2021-08-21 02:59:44,175 - root - INFO - PerfLog |Fetching data, models and class instantiations|TT:8.913259983062744s
2021-08-21 03:10:15,617 - root - INFO - step : 12500 / 40001 Rank predictor loss : 0.6699 Deformator_ranking loss  0.6702 
2021-08-21 03:20:48,184 - root - INFO - step : 13000 / 40001 Rank predictor loss : 0.6693 Deformator_ranking loss  0.6703 
2021-08-21 03:31:20,791 - root - INFO - step : 13500 / 40001 Rank predictor loss : 0.6682 Deformator_ranking loss  0.6689 
2021-08-21 03:41:53,584 - root - INFO - step : 14000 / 40001 Rank predictor loss : 0.6675 Deformator_ranking loss  0.6688 
2021-08-21 03:41:53,818 - root - INFO - PerfLog |Saving Model|TT:0.2340996265411377s
2021-08-21 03:52:26,594 - root - INFO - step : 14500 / 40001 Rank predictor loss : 0.6672 Deformator_ranking loss  0.6675 
2021-08-21 04:02:59,220 - root - INFO - step : 15000 / 40001 Rank predictor loss : 0.6663 Deformator_ranking loss  0.6674 
2021-08-21 04:13:31,827 - root - INFO - step : 15500 / 40001 Rank predictor loss : 0.6658 Deformator_ranking loss  0.6665 
2021-08-21 04:24:04,317 - root - INFO - step : 16000 / 40001 Rank predictor loss : 0.6648 Deformator_ranking loss  0.6657 
2021-08-21 04:24:04,546 - root - INFO - PerfLog |Saving Model|TT:0.2288494110107422s
2021-08-21 04:34:37,163 - root - INFO - step : 16500 / 40001 Rank predictor loss : 0.6642 Deformator_ranking loss  0.6653 
2021-08-21 04:45:09,765 - root - INFO - step : 17000 / 40001 Rank predictor loss : 0.6632 Deformator_ranking loss  0.6646 
2021-08-21 04:55:42,307 - root - INFO - step : 17500 / 40001 Rank predictor loss : 0.6630 Deformator_ranking loss  0.6640 
2021-08-21 05:06:15,020 - root - INFO - step : 18000 / 40001 Rank predictor loss : 0.6627 Deformator_ranking loss  0.6628 
2021-08-21 05:06:15,260 - root - INFO - PerfLog |Saving Model|TT:0.23981642723083496s
2021-08-21 05:16:47,871 - root - INFO - step : 18500 / 40001 Rank predictor loss : 0.6621 Deformator_ranking loss  0.6629 
2021-08-21 05:27:20,402 - root - INFO - step : 19000 / 40001 Rank predictor loss : 0.6618 Deformator_ranking loss  0.6621 
2021-08-21 05:37:53,025 - root - INFO - step : 19500 / 40001 Rank predictor loss : 0.6612 Deformator_ranking loss  0.6616 
2021-08-21 05:48:25,561 - root - INFO - step : 20000 / 40001 Rank predictor loss : 0.6598 Deformator_ranking loss  0.6610 
2021-08-21 05:48:25,795 - root - INFO - PerfLog |Saving Model|TT:0.23411297798156738s

StyleGAN2 load fail: No module named 'StyleGAN2'
Using classifier at epoch: 10
Validation acc on raw images: 0.98764
Using classifier at epoch: 20
Validation acc on raw images: 0.95356
Using classifier at epoch: 8
Using classifier at epoch: 5
Validation acc on raw images: 0.96258
Using classifier at epoch: 16
Validation acc on raw images: 0.95089
Using classifier at epoch: 12
Validation acc on raw images: 0.98664
Using classifier at epoch: 17
Validation acc on raw images: 0.95857
Using classifier at epoch: 12
Validation acc on raw images: 0.95991
Using classifier at epoch: 11
Validation acc on raw images: 0.95590
Using classifier at epoch: 8
Validation acc on raw images: 0.97227
Using classifier at epoch: 7
Validation acc on raw images: 0.95289
Using classifier at epoch: 0
Validation acc on raw images: 0.99599
Using classifier at epoch: 12
Validation acc on raw images: 0.94988
INFO:root:PerfLog |Reference attribute scores done|TT:33.298539876937866s
Using classifier at epoch: 10
Validation acc on raw images: 0.98764
Using classifier at epoch: 20
Validation acc on raw images: 0.95356
Using classifier at epoch: 8
Using classifier at epoch: 5
Validation acc on raw images: 0.96258
Using classifier at epoch: 16
Validation acc on raw images: 0.95089
Using classifier at epoch: 12
Validation acc on raw images: 0.98664
Using classifier at epoch: 17
Validation acc on raw images: 0.95857
Using classifier at epoch: 12
Validation acc on raw images: 0.95991
Using classifier at epoch: 11
Validation acc on raw images: 0.95590
Using classifier at epoch: 8
Validation acc on raw images: 0.97227
Using classifier at epoch: 7
Validation acc on raw images: 0.95289
Using classifier at epoch: 0
Validation acc on raw images: 0.99599
Using classifier at epoch: 12
Validation acc on raw images: 0.94988
INFO:root:PerfLog |Direction 0 completed|TT:26.36610460281372s
INFO:root:PerfLog |Direction 1 completed|TT:26.72547197341919s
INFO:root:PerfLog |Direction 2 completed|TT:26.7645320892334s
INFO:root:PerfLog |Direction 3 completed|TT:26.77112317085266s
INFO:root:PerfLog |Direction 4 completed|TT:26.792040824890137s
INFO:root:PerfLog |Direction 5 completed|TT:26.817749500274658s
INFO:root:PerfLog |Direction 6 completed|TT:26.797200679779053s
INFO:root:PerfLog |Direction 7 completed|TT:26.797426223754883s
INFO:root:PerfLog |Direction 8 completed|TT:26.804698705673218s
INFO:root:PerfLog |Direction 9 completed|TT:26.80647373199463s
INFO:root:PerfLog |Direction 10 completed|TT:26.81573224067688s
INFO:root:PerfLog |Direction 11 completed|TT:26.81124997138977s
INFO:root:PerfLog |Direction 12 completed|TT:26.81618046760559s
INFO:root:PerfLog |Direction 13 completed|TT:26.821390867233276s
INFO:root:PerfLog |Direction 14 completed|TT:26.821757316589355s
INFO:root:PerfLog |Direction 15 completed|TT:26.817084312438965s
INFO:root:PerfLog |Direction 16 completed|TT:26.817979335784912s
INFO:root:PerfLog |Direction 17 completed|TT:26.819507598876953s
INFO:root:PerfLog |Direction 18 completed|TT:26.818848371505737s
INFO:root:PerfLog |Direction 19 completed|TT:26.835062503814697s
INFO:root:PerfLog |Direction 20 completed|TT:26.82058358192444s
INFO:root:PerfLog |Direction 21 completed|TT:26.823272228240967s
INFO:root:PerfLog |Direction 22 completed|TT:26.828951358795166s
INFO:root:PerfLog |Direction 23 completed|TT:26.823478937149048s
INFO:root:PerfLog |Direction 24 completed|TT:26.819360494613647s
INFO:root:PerfLog |Direction 25 completed|TT:26.82053017616272s
INFO:root:PerfLog |Direction 26 completed|TT:26.816556453704834s
INFO:root:PerfLog |Direction 27 completed|TT:26.825512170791626s
INFO:root:PerfLog |Direction 28 completed|TT:26.81713080406189s
INFO:root:PerfLog |Direction 29 completed|TT:26.81623339653015s
INFO:root:PerfLog |Direction 30 completed|TT:26.829837322235107s
INFO:root:PerfLog |Direction 31 completed|TT:26.837721824645996s
INFO:root:PerfLog |Direction 32 completed|TT:26.822079181671143s
INFO:root:PerfLog |Direction 33 completed|TT:26.827943801879883s
INFO:root:PerfLog |Direction 34 completed|TT:26.820844650268555s
INFO:root:PerfLog |Direction 35 completed|TT:26.82893395423889s
INFO:root:PerfLog |Direction 36 completed|TT:26.834941864013672s
INFO:root:PerfLog |Direction 37 completed|TT:26.83616328239441s
INFO:root:PerfLog |Direction 38 completed|TT:26.821453094482422s
INFO:root:PerfLog |Direction 39 completed|TT:26.844361782073975s
INFO:root:PerfLog |Direction 40 completed|TT:26.835515022277832s
INFO:root:PerfLog |Direction 41 completed|TT:26.832969665527344s
INFO:root:PerfLog |Direction 42 completed|TT:26.83462691307068s
INFO:root:PerfLog |Direction 43 completed|TT:26.83563756942749s
INFO:root:PerfLog |Direction 44 completed|TT:26.833644151687622s
INFO:root:PerfLog |Direction 45 completed|TT:26.824740648269653s
INFO:root:PerfLog |Direction 46 completed|TT:26.827381372451782s
INFO:root:PerfLog |Direction 47 completed|TT:26.835102558135986s
INFO:root:PerfLog |Direction 48 completed|TT:26.8485586643219s
INFO:root:PerfLog |Direction 49 completed|TT:26.83975076675415s
INFO:root:PerfLog |Direction 50 completed|TT:26.834240198135376s
INFO:root:PerfLog |Direction 51 completed|TT:26.83281922340393s
INFO:root:PerfLog |Direction 52 completed|TT:26.825823545455933s
INFO:root:PerfLog |Direction 53 completed|TT:26.833361864089966s
INFO:root:PerfLog |Direction 54 completed|TT:26.826984882354736s
INFO:root:PerfLog |Direction 55 completed|TT:26.82561421394348s
INFO:root:PerfLog |Direction 56 completed|TT:26.82325530052185s
INFO:root:PerfLog |Direction 57 completed|TT:26.82284188270569s
INFO:root:PerfLog |Direction 58 completed|TT:26.8157320022583s
INFO:root:PerfLog |Direction 59 completed|TT:26.815770626068115s
INFO:root:PerfLog |Direction 60 completed|TT:26.833364725112915s
INFO:root:PerfLog |Direction 61 completed|TT:26.840314388275146s
INFO:root:PerfLog |Direction 62 completed|TT:26.827181816101074s
INFO:root:PerfLog |Direction 63 completed|TT:26.807762622833252s
INFO:root:PerfLog |Direction 64 completed|TT:26.822144031524658s
INFO:root:PerfLog |Direction 65 completed|TT:26.822109699249268s
INFO:root:PerfLog |Direction 66 completed|TT:26.81482195854187s
INFO:root:PerfLog |Direction 67 completed|TT:26.82421374320984s
INFO:root:PerfLog |Direction 68 completed|TT:26.824206113815308s
INFO:root:PerfLog |Direction 69 completed|TT:26.81770658493042s
INFO:root:PerfLog |Direction 70 completed|TT:26.825998306274414s
INFO:root:PerfLog |Direction 71 completed|TT:26.828306913375854s
INFO:root:PerfLog |Direction 72 completed|TT:26.827669382095337s
INFO:root:PerfLog |Direction 73 completed|TT:26.81902551651001s
INFO:root:PerfLog |Direction 74 completed|TT:26.813225030899048s
INFO:root:PerfLog |Direction 75 completed|TT:26.82426166534424s
INFO:root:PerfLog |Direction 76 completed|TT:26.82901406288147s
INFO:root:PerfLog |Direction 77 completed|TT:26.83709740638733s
INFO:root:PerfLog |Direction 78 completed|TT:26.828298330307007s
INFO:root:PerfLog |Direction 79 completed|TT:26.818445682525635s
INFO:root:PerfLog |Direction 80 completed|TT:26.8217351436615s
INFO:root:PerfLog |Direction 81 completed|TT:26.834834098815918s
INFO:root:PerfLog |Direction 82 completed|TT:26.829256772994995s
INFO:root:PerfLog |Direction 83 completed|TT:26.850310802459717s
INFO:root:PerfLog |Direction 84 completed|TT:26.839863538742065s
INFO:root:PerfLog |Direction 85 completed|TT:26.83740520477295s
INFO:root:PerfLog |Direction 86 completed|TT:26.832540273666382s
INFO:root:PerfLog |Direction 87 completed|TT:26.82232141494751s
INFO:root:PerfLog |Direction 88 completed|TT:26.812561988830566s
INFO:root:PerfLog |Direction 89 completed|TT:26.83305311203003s
INFO:root:PerfLog |Direction 90 completed|TT:26.82154393196106s
INFO:root:PerfLog |Direction 91 completed|TT:26.83361053466797s
INFO:root:PerfLog |Direction 92 completed|TT:26.850886344909668s
INFO:root:PerfLog |Direction 93 completed|TT:26.832318544387817s
INFO:root:PerfLog |Direction 94 completed|TT:26.836177825927734s
INFO:root:PerfLog |Direction 95 completed|TT:26.840660095214844s
INFO:root:PerfLog |Direction 96 completed|TT:26.847655534744263s
INFO:root:PerfLog |Direction 97 completed|TT:26.836745023727417s
INFO:root:PerfLog |Direction 98 completed|TT:26.84975004196167s
INFO:root:PerfLog |Direction 99 completed|TT:26.856399297714233s
INFO:root:PerfLog |Direction 100 completed|TT:26.837949514389038s
INFO:root:PerfLog |Direction 101 completed|TT:26.853573083877563s
INFO:root:PerfLog |Direction 102 completed|TT:26.851134300231934s
INFO:root:PerfLog |Direction 103 completed|TT:26.83943486213684s
INFO:root:PerfLog |Direction 104 completed|TT:26.841466903686523s
INFO:root:PerfLog |Direction 105 completed|TT:26.851914882659912s
INFO:root:PerfLog |Direction 106 completed|TT:26.84737205505371s
INFO:root:PerfLog |Direction 107 completed|TT:26.84790015220642s
INFO:root:PerfLog |Direction 108 completed|TT:26.840883255004883s
INFO:root:PerfLog |Direction 109 completed|TT:26.8459792137146s
INFO:root:PerfLog |Direction 110 completed|TT:26.83651351928711s
INFO:root:PerfLog |Direction 111 completed|TT:26.833083629608154s
INFO:root:PerfLog |Direction 112 completed|TT:26.831615209579468s
INFO:root:PerfLog |Direction 113 completed|TT:26.835916996002197s
INFO:root:PerfLog |Direction 114 completed|TT:26.820294857025146s
INFO:root:PerfLog |Direction 115 completed|TT:26.856195211410522s
INFO:root:PerfLog |Direction 116 completed|TT:26.827617168426514s
INFO:root:PerfLog |Direction 117 completed|TT:26.824395895004272s
INFO:root:PerfLog |Direction 118 completed|TT:26.850197076797485s
INFO:root:PerfLog |Direction 119 completed|TT:26.83230423927307s
INFO:root:PerfLog |Direction 120 completed|TT:26.833410263061523s
INFO:root:PerfLog |Direction 121 completed|TT:26.850022077560425s
INFO:root:PerfLog |Direction 122 completed|TT:26.843791723251343s
INFO:root:PerfLog |Direction 123 completed|TT:26.84526753425598s
INFO:root:PerfLog |Direction 124 completed|TT:26.833147525787354s
INFO:root:PerfLog |Direction 125 completed|TT:26.83710765838623s
INFO:root:PerfLog |Direction 126 completed|TT:26.822896480560303s
INFO:root:PerfLog |Direction 127 completed|TT:26.834725856781006s
INFO:root:PerfLog |Direction 128 completed|TT:26.838070154190063s
INFO:root:PerfLog |Direction 129 completed|TT:26.83562397956848s
INFO:root:PerfLog |Direction 130 completed|TT:26.828129529953003s
INFO:root:PerfLog |Direction 131 completed|TT:26.826823711395264s
INFO:root:PerfLog |Direction 132 completed|TT:26.820634365081787s
INFO:root:PerfLog |Direction 133 completed|TT:26.825812339782715s
INFO:root:PerfLog |Direction 134 completed|TT:26.827480792999268s
INFO:root:PerfLog |Direction 135 completed|TT:26.823662281036377s
INFO:root:PerfLog |Direction 136 completed|TT:26.827043294906616s
INFO:root:PerfLog |Direction 137 completed|TT:26.815232276916504s
INFO:root:PerfLog |Direction 138 completed|TT:26.835834980010986s
INFO:root:PerfLog |Direction 139 completed|TT:26.82988142967224s
INFO:root:PerfLog |Direction 140 completed|TT:26.8267719745636s
INFO:root:PerfLog |Direction 141 completed|TT:26.823861122131348s
INFO:root:PerfLog |Direction 142 completed|TT:26.816869258880615s
INFO:root:PerfLog |Direction 143 completed|TT:26.833136320114136s
INFO:root:PerfLog |Direction 144 completed|TT:26.83108901977539s
INFO:root:PerfLog |Direction 145 completed|TT:26.817320585250854s
INFO:root:PerfLog |Direction 146 completed|TT:26.812947750091553s
INFO:root:PerfLog |Direction 147 completed|TT:26.830071687698364s
INFO:root:PerfLog |Direction 148 completed|TT:26.84122920036316s
INFO:root:PerfLog |Direction 149 completed|TT:26.817386865615845s
INFO:root:PerfLog |Direction 150 completed|TT:26.826459169387817s
INFO:root:PerfLog |Direction 151 completed|TT:26.828164100646973s
INFO:root:PerfLog |Direction 152 completed|TT:26.825249910354614s
INFO:root:PerfLog |Direction 153 completed|TT:26.81359839439392s
INFO:root:PerfLog |Direction 154 completed|TT:26.834819555282593s
INFO:root:PerfLog |Direction 155 completed|TT:26.811801195144653s
INFO:root:PerfLog |Direction 156 completed|TT:26.815641164779663s
INFO:root:PerfLog |Direction 157 completed|TT:26.82425355911255s
INFO:root:PerfLog |Direction 158 completed|TT:26.840028047561646s
INFO:root:PerfLog |Direction 159 completed|TT:26.838250875473022s
INFO:root:PerfLog |Direction 160 completed|TT:26.852800846099854s
INFO:root:PerfLog |Direction 161 completed|TT:26.842798233032227s
INFO:root:PerfLog |Direction 162 completed|TT:26.84086775779724s
INFO:root:PerfLog |Direction 163 completed|TT:26.846498489379883s
INFO:root:PerfLog |Direction 164 completed|TT:26.846636295318604s
INFO:root:PerfLog |Direction 165 completed|TT:26.83560276031494s
INFO:root:PerfLog |Direction 166 completed|TT:26.85444164276123s
INFO:root:PerfLog |Direction 167 completed|TT:26.84522533416748s
INFO:root:PerfLog |Direction 168 completed|TT:26.838074922561646s
INFO:root:PerfLog |Direction 169 completed|TT:26.845484972000122s
INFO:root:PerfLog |Direction 170 completed|TT:26.853687047958374s
INFO:root:PerfLog |Direction 171 completed|TT:26.837157249450684s
INFO:root:PerfLog |Direction 172 completed|TT:26.83692693710327s
INFO:root:PerfLog |Direction 173 completed|TT:26.831442832946777s
INFO:root:PerfLog |Direction 174 completed|TT:26.834173679351807s
INFO:root:PerfLog |Direction 175 completed|TT:26.834574937820435s
INFO:root:PerfLog |Direction 176 completed|TT:26.834319591522217s
INFO:root:PerfLog |Direction 177 completed|TT:26.834131002426147s
INFO:root:PerfLog |Direction 178 completed|TT:26.825735092163086s
INFO:root:PerfLog |Direction 179 completed|TT:26.829256057739258s
INFO:root:PerfLog |Direction 180 completed|TT:26.841514110565186s
INFO:root:PerfLog |Direction 181 completed|TT:26.82014012336731s
INFO:root:PerfLog |Direction 182 completed|TT:26.82765030860901s
INFO:root:PerfLog |Direction 183 completed|TT:26.84415912628174s
INFO:root:PerfLog |Direction 184 completed|TT:26.825719118118286s
INFO:root:PerfLog |Direction 185 completed|TT:26.83977770805359s
INFO:root:PerfLog |Direction 186 completed|TT:26.8437340259552s
INFO:root:PerfLog |Direction 187 completed|TT:26.845518589019775s
INFO:root:PerfLog |Direction 188 completed|TT:26.850952863693237s
INFO:root:PerfLog |Direction 189 completed|TT:26.845380306243896s
INFO:root:PerfLog |Direction 190 completed|TT:26.832844018936157s
INFO:root:PerfLog |Direction 191 completed|TT:26.831499814987183s
INFO:root:PerfLog |Direction 192 completed|TT:26.828163623809814s
INFO:root:PerfLog |Direction 193 completed|TT:26.817992210388184s
INFO:root:PerfLog |Direction 194 completed|TT:26.824020385742188s
INFO:root:PerfLog |Direction 195 completed|TT:26.831595420837402s
INFO:root:PerfLog |Direction 196 completed|TT:26.818782091140747s
INFO:root:PerfLog |Direction 197 completed|TT:26.817207098007202s
INFO:root:PerfLog |Direction 198 completed|TT:26.840988397598267s
INFO:root:PerfLog |Direction 199 completed|TT:26.828638315200806s
INFO:root:PerfLog |Metrics done|TT:5386.704716205597s
Classifier analysis for pose at index 0 completed!!
Classifier analysis for young at index 1 completed!!
Classifier analysis for male at index 2 completed!!
Classifier analysis for smiling at index 3 completed!!
Classifier analysis for eyeglasses at index 4 completed!!
Classifier analysis for Bald at index 5 completed!!
Classifier analysis for Sideburns at index 6 completed!!
Classifier analysis for Wearing_Lipstick at index 7 completed!!
Classifier analysis for Pale_Skin at index 8 completed!!
Classifier analysis for No_Beard at index 9 completed!!
Classifier analysis for Wearing_Hat at index 10 completed!!
Classifier analysis for Goatee at index 11 completed!!
Classifier analysis for Mustache at index 12 completed!!
Classifier analysis for Double_Chin at index 13 completed!!
Classifier analysis for Gray_Hair at index 14 completed!!
Classifier analysis for Wearing_Necktie at index 15 completed!!
Classifier analysis for Blurry at index 16 completed!!
Classifier analysis for Bangs at index 17 completed!!
